[35m[1mConsolidate compiler generated dependencies of target gmock[0m
[35m[1mConsolidate compiler generated dependencies of target gmock_main[0m
[ 21%] Built target gmock
[ 35%] Built target steering_controllers_library_parameters
[ 50%] Built target gmock_main
[35m[1mConsolidate compiler generated dependencies of target steering_controllers_library[0m
[ 57%] [32mBuilding CXX object CMakeFiles/steering_controllers_library.dir/src/steering_controllers_library.cpp.o[0m
In file included from [01m[K/home/student/ros2_ws/src/ros2_controllers/steering_controllers_library/src/steering_controllers_library.cpp:15[m[K:
[01m[K/home/student/ros2_ws/src/ros2_controllers/steering_controllers_library/include/steering_controllers_library/steering_controllers_library.hpp:27:10:[m[K [01;31m[Kfatal error: [m[Krealtime_tools/realtime_thread_safe_box.hpp: No such file or directory
   27 | #include [01;31m[K"realtime_tools/realtime_thread_safe_box.hpp"[m[K
      |          [01;31m[K^~~~~~~~~~~~~~~~~~~~~~~~~~~~~~~~~~~~~~~~~~~~~[m[K
compilation terminated.
gmake[2]: *** [CMakeFiles/steering_controllers_library.dir/build.make:76: CMakeFiles/steering_controllers_library.dir/src/steering_controllers_library.cpp.o] Error 1
gmake[1]: *** [CMakeFiles/Makefile2:206: CMakeFiles/steering_controllers_library.dir/all] Error 2
gmake: *** [Makefile:146: all] Error 2
