[01m[K/home/student/ros2_ws/src/ros2_controllers/diff_drive_controller/test/test_load_diff_drive_controller.cpp:18:10:[m[K [01;31m[Kfatal error: [m[Kcontroller_manager/controller_manager.hpp: No such file or directory
   18 | #include [01;31m[K"controller_manager/controller_manager.hpp"[m[K
      |          [01;31m[K^~~~~~~~~~~~~~~~~~~~~~~~~~~~~~~~~~~~~~~~~~~[m[K
compilation terminated.
gmake[2]: *** [CMakeFiles/test_load_diff_drive_controller.dir/build.make:76: CMakeFiles/test_load_diff_drive_controller.dir/test/test_load_diff_drive_controller.cpp.o] Error 1
gmake[1]: *** [CMakeFiles/Makefile2:262: CMakeFiles/test_load_diff_drive_controller.dir/all] Error 2
gmake[1]: *** Waiting for unfinished jobs....
In file included from [01m[K/home/student/ros2_ws/src/ros2_controllers/diff_drive_controller/src/diff_drive_controller.cpp:25[m[K:
[01m[K/home/student/ros2_ws/src/ros2_controllers/diff_drive_controller/include/diff_drive_controller/diff_drive_controller.hpp:36:10:[m[K [01;31m[Kfatal error: [m[Krealtime_tools/realtime_thread_safe_box.hpp: No such file or directory
   36 | #include [01;31m[K"realtime_tools/realtime_thread_safe_box.hpp"[m[K
      |          [01;31m[K^~~~~~~~~~~~~~~~~~~~~~~~~~~~~~~~~~~~~~~~~~~~~[m[K
compilation terminated.
gmake[2]: *** [CMakeFiles/diff_drive_controller.dir/build.make:76: CMakeFiles/diff_drive_controller.dir/src/diff_drive_controller.cpp.o] Error 1
gmake[1]: *** [CMakeFiles/Makefile2:206: CMakeFiles/diff_drive_controller.dir/all] Error 2
gmake: *** [Makefile:146: all] Error 2
