[35m[1mConsolidate compiler generated dependencies of target gmock_main[0m
[35m[1mConsolidate compiler generated dependencies of target gmock[0m
[ 15%] Built target gmock_main
[ 30%] Built target gpio_command_controller_parameters
[ 53%] Built target gmock
[ 61%] [32mBuilding CXX object CMakeFiles/gpio_controllers.dir/src/gpio_command_controller.cpp.o[0m
[ 69%] [32mBuilding CXX object CMakeFiles/test_load_gpio_command_controller.dir/test/test_load_gpio_command_controller.cpp.o[0m
[01m[K/home/student/ros2_ws/src/ros2_controllers/gpio_controllers/test/test_load_gpio_command_controller.cpp:18:10:[m[K [01;31m[Kfatal error: [m[Kcontroller_manager/controller_manager.hpp: No such file or directory
   18 | #include [01;31m[K"controller_manager/controller_manager.hpp"[m[K
      |          [01;31m[K^~~~~~~~~~~~~~~~~~~~~~~~~~~~~~~~~~~~~~~~~~~[m[K
compilation terminated.
gmake[2]: *** [CMakeFiles/test_load_gpio_command_controller.dir/build.make:76: CMakeFiles/test_load_gpio_command_controller.dir/test/test_load_gpio_command_controller.cpp.o] Error 1
gmake[1]: *** [CMakeFiles/Makefile2:233: CMakeFiles/test_load_gpio_command_controller.dir/all] Error 2
gmake[1]: *** Waiting for unfinished jobs....
In file included from [01m[K/home/student/ros2_ws/src/ros2_controllers/gpio_controllers/src/gpio_command_controller.cpp:15[m[K:
[01m[K/home/student/ros2_ws/src/ros2_controllers/gpio_controllers/include/gpio_controllers/gpio_command_controller.hpp:28:10:[m[K [01;31m[Kfatal error: [m[Krealtime_tools/realtime_thread_safe_box.hpp: No such file or directory
   28 | #include [01;31m[K"realtime_tools/realtime_thread_safe_box.hpp"[m[K
      |          [01;31m[K^~~~~~~~~~~~~~~~~~~~~~~~~~~~~~~~~~~~~~~~~~~~~[m[K
compilation terminated.
gmake[2]: *** [CMakeFiles/gpio_controllers.dir/build.make:76: CMakeFiles/gpio_controllers.dir/src/gpio_command_controller.cpp.o] Error 1
gmake[1]: *** [CMakeFiles/Makefile2:206: CMakeFiles/gpio_controllers.dir/all] Error 2
gmake: *** [Makefile:146: all] Error 2
