[0.046s] Invoking command in '/home/student/ros2_ws/build/gpio_controllers': CMAKE_PREFIX_PATH=/home/student/ros2_ws/install/controller_manager:/home/student/ros2_ws/install/hardware_interface_testing:/home/student/ros2_ws/install/controller_interface:/home/student/ros2_ws/install/hardware_interface:/home/student/ros2_ws/install/ros2_control_test_assets:/home/student/ros2_ws/install/ros2_control_cmake:/home/student/ros2_ws/install/controller_manager_msgs:/home/student/ros2_ws/install/ur_description:/home/student/ros2_ws/install/transmission_interface:/home/student/ros2_ws/install/joint_limits:/home/student/ros2_ws/src/install/ur_description:/home/student/ros2_ws/src/install/transmission_interface:/home/student/ros2_ws/src/install/hardware_interface_testing:/home/student/ros2_ws/src/install/controller_manager:/home/student/ros2_ws/src/install/ros2_control_test_assets:/home/student/ros2_ws/src/install/ros2_control_cmake:/home/student/ros2_ws/src/install/joint_limits:/home/student/ros2_ws/src/install/irb4400_description:/home/student/ros2_ws/src/install/controller_interface:/home/student/ros2_ws/src/install/hardware_interface:/home/student/ros2_ws/src/install/controller_manager_msgs:/home/student/ros2_ws/install/rqt_joint_trajectory_controller:/home/student/ros2_ws/install/ros2_controllers_test_nodes:/home/student/ros2_ws/install/opcua_ros_client:/home/student/ros2_ws/install/my_py_pkg:/home/student/ros2_ws/install/my_bot_description:/home/student/ros2_ws/install/modbus_interface:/home/student/ros2_ws/src/install/rqt_joint_trajectory_controller:/home/student/ros2_ws/src/install/ros2_controllers_test_nodes:/home/student/ros2_ws/src/install/opcua_ros_client:/home/student/ros2_ws/src/install/my_py_pkg:/home/student/ros2_ws/src/install/my_bot_description:/home/student/ros2_ws/src/install/modbus_interface:/opt/ros/humble LD_LIBRARY_PATH=/home/student/ros2_ws/install/controller_manager/lib:/home/student/ros2_ws/install/hardware_interface_testing/lib:/home/student/ros2_ws/install/controller_interface/lib:/home/student/ros2_ws/install/hardware_interface/lib:/home/student/ros2_ws/install/controller_manager_msgs/lib:/home/student/ros2_ws/install/transmission_interface/lib:/home/student/ros2_ws/install/joint_limits/lib:/home/student/ros2_ws/src/install/transmission_interface/lib:/home/student/ros2_ws/src/install/hardware_interface_testing/lib:/home/student/ros2_ws/src/install/controller_manager/lib:/home/student/ros2_ws/src/install/joint_limits/lib:/home/student/ros2_ws/src/install/controller_interface/lib:/home/student/ros2_ws/src/install/hardware_interface/lib:/home/student/ros2_ws/src/install/controller_manager_msgs/lib:/usr/lib/x86_64-linux-gnu/gazebo-11/plugins:/opt/ros/humble/opt/rviz_ogre_vendor/lib:/opt/ros/humble/lib/x86_64-linux-gnu:/opt/ros/humble/lib /usr/bin/cmake --build /home/student/ros2_ws/build/gpio_controllers -- -j8 -l8
[0.144s] [35m[1mConsolidate compiler generated dependencies of target gmock_main[0m
[0.151s] [35m[1mConsolidate compiler generated dependencies of target gmock[0m
[0.181s] [ 15%] Built target gmock_main
[0.186s] [ 30%] Built target gpio_command_controller_parameters
[0.202s] [ 53%] Built target gmock
[0.243s] [ 61%] [32mBuilding CXX object CMakeFiles/gpio_controllers.dir/src/gpio_command_controller.cpp.o[0m
[0.250s] [ 69%] [32mBuilding CXX object CMakeFiles/test_load_gpio_command_controller.dir/test/test_load_gpio_command_controller.cpp.o[0m
[0.567s] [01m[K/home/student/ros2_ws/src/ros2_controllers/gpio_controllers/test/test_load_gpio_command_controller.cpp:18:10:[m[K [01;31m[Kfatal error: [m[Kcontroller_manager/controller_manager.hpp: No such file or directory
[0.567s]    18 | #include [01;31m[K"controller_manager/controller_manager.hpp"[m[K
[0.567s]       |          [01;31m[K^~~~~~~~~~~~~~~~~~~~~~~~~~~~~~~~~~~~~~~~~~~[m[K
[0.567s] compilation terminated.
[0.569s] gmake[2]: *** [CMakeFiles/test_load_gpio_command_controller.dir/build.make:76: CMakeFiles/test_load_gpio_command_controller.dir/test/test_load_gpio_command_controller.cpp.o] Error 1
[0.569s] gmake[1]: *** [CMakeFiles/Makefile2:233: CMakeFiles/test_load_gpio_command_controller.dir/all] Error 2
[0.569s] gmake[1]: *** Waiting for unfinished jobs....
[0.759s] In file included from [01m[K/home/student/ros2_ws/src/ros2_controllers/gpio_controllers/src/gpio_command_controller.cpp:15[m[K:
[0.759s] [01m[K/home/student/ros2_ws/src/ros2_controllers/gpio_controllers/include/gpio_controllers/gpio_command_controller.hpp:28:10:[m[K [01;31m[Kfatal error: [m[Krealtime_tools/realtime_thread_safe_box.hpp: No such file or directory
[0.759s]    28 | #include [01;31m[K"realtime_tools/realtime_thread_safe_box.hpp"[m[K
[0.759s]       |          [01;31m[K^~~~~~~~~~~~~~~~~~~~~~~~~~~~~~~~~~~~~~~~~~~~~[m[K
[0.759s] compilation terminated.
[0.762s] gmake[2]: *** [CMakeFiles/gpio_controllers.dir/build.make:76: CMakeFiles/gpio_controllers.dir/src/gpio_command_controller.cpp.o] Error 1
[0.763s] gmake[1]: *** [CMakeFiles/Makefile2:206: CMakeFiles/gpio_controllers.dir/all] Error 2
[0.763s] gmake: *** [Makefile:146: all] Error 2
