[0.048s] Invoking command in '/home/student/ros2_ws/build/force_torque_sensor_broadcaster': CMAKE_PREFIX_PATH=/home/student/ros2_ws/install/controller_manager:/home/student/ros2_ws/install/hardware_interface_testing:/home/student/ros2_ws/install/controller_interface:/home/student/ros2_ws/install/hardware_interface:/home/student/ros2_ws/install/ros2_control_test_assets:/home/student/ros2_ws/install/ros2_control_cmake:/home/student/ros2_ws/install/controller_manager_msgs:/home/student/ros2_ws/install/ur_description:/home/student/ros2_ws/install/transmission_interface:/home/student/ros2_ws/install/joint_limits:/home/student/ros2_ws/src/install/ur_description:/home/student/ros2_ws/src/install/transmission_interface:/home/student/ros2_ws/src/install/hardware_interface_testing:/home/student/ros2_ws/src/install/controller_manager:/home/student/ros2_ws/src/install/ros2_control_test_assets:/home/student/ros2_ws/src/install/ros2_control_cmake:/home/student/ros2_ws/src/install/joint_limits:/home/student/ros2_ws/src/install/irb4400_description:/home/student/ros2_ws/src/install/controller_interface:/home/student/ros2_ws/src/install/hardware_interface:/home/student/ros2_ws/src/install/controller_manager_msgs:/home/student/ros2_ws/install/rqt_joint_trajectory_controller:/home/student/ros2_ws/install/ros2_controllers_test_nodes:/home/student/ros2_ws/install/opcua_ros_client:/home/student/ros2_ws/install/my_py_pkg:/home/student/ros2_ws/install/my_bot_description:/home/student/ros2_ws/install/modbus_interface:/home/student/ros2_ws/src/install/rqt_joint_trajectory_controller:/home/student/ros2_ws/src/install/ros2_controllers_test_nodes:/home/student/ros2_ws/src/install/opcua_ros_client:/home/student/ros2_ws/src/install/my_py_pkg:/home/student/ros2_ws/src/install/my_bot_description:/home/student/ros2_ws/src/install/modbus_interface:/opt/ros/humble LD_LIBRARY_PATH=/home/student/ros2_ws/install/controller_manager/lib:/home/student/ros2_ws/install/hardware_interface_testing/lib:/home/student/ros2_ws/install/controller_interface/lib:/home/student/ros2_ws/install/hardware_interface/lib:/home/student/ros2_ws/install/controller_manager_msgs/lib:/home/student/ros2_ws/install/transmission_interface/lib:/home/student/ros2_ws/install/joint_limits/lib:/home/student/ros2_ws/src/install/transmission_interface/lib:/home/student/ros2_ws/src/install/hardware_interface_testing/lib:/home/student/ros2_ws/src/install/controller_manager/lib:/home/student/ros2_ws/src/install/joint_limits/lib:/home/student/ros2_ws/src/install/controller_interface/lib:/home/student/ros2_ws/src/install/hardware_interface/lib:/home/student/ros2_ws/src/install/controller_manager_msgs/lib:/usr/lib/x86_64-linux-gnu/gazebo-11/plugins:/opt/ros/humble/opt/rviz_ogre_vendor/lib:/opt/ros/humble/lib/x86_64-linux-gnu:/opt/ros/humble/lib /usr/bin/cmake --build /home/student/ros2_ws/build/force_torque_sensor_broadcaster -- -j8 -l8
[0.156s] [35m[1mConsolidate compiler generated dependencies of target gmock[0m
[0.158s] [35m[1mConsolidate compiler generated dependencies of target gmock_main[0m
[0.169s] [ 15%] Built target force_torque_sensor_broadcaster_parameters
[0.199s] [ 30%] Built target gmock_main
[0.206s] [ 53%] Built target gmock
[0.206s] [35m[1mConsolidate compiler generated dependencies of target force_torque_sensor_broadcaster[0m
[0.251s] [ 61%] [32mBuilding CXX object CMakeFiles/force_torque_sensor_broadcaster.dir/src/force_torque_sensor_broadcaster.cpp.o[0m
[2.687s] In file included from [01m[K/home/student/ros2_ws/src/ros2_controllers/force_torque_sensor_broadcaster/src/force_torque_sensor_broadcaster.cpp:19[m[K:
[2.687s] [01m[K/home/student/ros2_ws/src/ros2_controllers/force_torque_sensor_broadcaster/include/force_torque_sensor_broadcaster/force_torque_sensor_broadcaster.hpp:57:37:[m[K [01;31m[Kerror: [m[Kâ€˜[01m[Kcontroller_interface::return_type force_torque_sensor_broadcaster::ForceTorqueSensorBroadcaster::update_reference_from_subscribers(const rclcpp::Time&, const rclcpp::Duration&)[m[Kâ€™ marked â€˜[01m[Koverride[m[Kâ€™, but does not override
[2.687s]    57 |   controller_interface::return_type [01;31m[Kupdate_reference_from_subscribers[m[K(
[2.687s]       |                                     [01;31m[K^~~~~~~~~~~~~~~~~~~~~~~~~~~~~~~~~[m[K
[2.687s] [01m[K/home/student/ros2_ws/src/ros2_controllers/force_torque_sensor_broadcaster/include/force_torque_sensor_broadcaster/force_torque_sensor_broadcaster.hpp:60:51:[m[K [01;31m[Kerror: [m[Kâ€˜[01m[Kstd::vector<hardware_interface::StateInterface> force_torque_sensor_broadcaster::ForceTorqueSensorBroadcaster::on_export_state_interfaces()[m[Kâ€™ marked â€˜[01m[Koverride[m[Kâ€™, but does not override
[2.687s]    60 |   std::vector<hardware_interface::StateInterface> [01;31m[Kon_export_state_interfaces[m[K() override;
[2.687s]       |                                                   [01;31m[K^~~~~~~~~~~~~~~~~~~~~~~~~~[m[K
[3.320s] In file included from [01m[K/opt/ros/humble/include/class_loader/class_loader/class_loader_core.hpp:57[m[K,
[3.320s]                  from [01m[K/opt/ros/humble/include/class_loader/class_loader/class_loader.hpp:55[m[K,
[3.320s]                  from [01m[K/opt/ros/humble/include/pluginlib/pluginlib/class_list_macros.hpp:40[m[K,
[3.320s]                  from [01m[K/home/student/ros2_ws/src/ros2_controllers/force_torque_sensor_broadcaster/src/force_torque_sensor_broadcaster.cpp:262[m[K:
[3.320s] /opt/ros/humble/include/class_loader/class_loader/meta_object.hpp: In instantiation of â€˜[01m[KB* class_loader::impl::MetaObject<C, B>::create() const [with C = force_torque_sensor_broadcaster::ForceTorqueSensorBroadcaster; B = controller_interface::ChainableControllerInterface][m[Kâ€™:
[3.320s] [01m[K/opt/ros/humble/include/class_loader/class_loader/meta_object.hpp:216:7:[m[K   required from here
[3.320s] [01m[K/opt/ros/humble/include/class_loader/class_loader/meta_object.hpp:218:12:[m[K [01;31m[Kerror: [m[Kinvalid new-expression of abstract class type â€˜[01m[Kforce_torque_sensor_broadcaster::ForceTorqueSensorBroadcaster[m[Kâ€™
[3.320s]   218 |     return [01;31m[Knew C[m[K;
[3.320s]       |            [01;31m[K^~~~~[m[K
[3.320s] In file included from [01m[K/home/student/ros2_ws/src/ros2_controllers/force_torque_sensor_broadcaster/src/force_torque_sensor_broadcaster.cpp:19[m[K:
[3.320s] [01m[K/home/student/ros2_ws/src/ros2_controllers/force_torque_sensor_broadcaster/include/force_torque_sensor_broadcaster/force_torque_sensor_broadcaster.hpp:35:7:[m[K [01;36m[Knote: [m[K  because the following virtual functions are pure within â€˜[01m[Kforce_torque_sensor_broadcaster::ForceTorqueSensorBroadcaster[m[Kâ€™:
[3.320s]    35 | class [01;36m[KForceTorqueSensorBroadcaster[m[K : public controller_interface::ChainableControllerInterface
[3.320s]       |       [01;36m[K^~~~~~~~~~~~~~~~~~~~~~~~~~~~[m[K
[3.320s] In file included from [01m[K/home/student/ros2_ws/src/ros2_controllers/force_torque_sensor_broadcaster/include/force_torque_sensor_broadcaster/force_torque_sensor_broadcaster.hpp:25[m[K,
[3.320s]                  from [01m[K/home/student/ros2_ws/src/ros2_controllers/force_torque_sensor_broadcaster/src/force_torque_sensor_broadcaster.cpp:19[m[K:
[3.320s] [01m[K/opt/ros/humble/include/controller_interface/chainable_controller_interface.hpp:77:61:[m[K [01;36m[Knote: [m[K    â€˜[01m[Kvirtual std::vector<hardware_interface::CommandInterface> controller_interface::ChainableControllerInterface::on_export_reference_interfaces()[m[Kâ€™
[3.320s]    77 |   virtual std::vector<hardware_interface::CommandInterface> [01;36m[Kon_export_reference_interfaces[m[K() = 0;
[3.320s]       |                                                             [01;36m[K^~~~~~~~~~~~~~~~~~~~~~~~~~~~~~[m[K
[3.320s] [01m[K/opt/ros/humble/include/controller_interface/chainable_controller_interface.hpp:100:23:[m[K [01;36m[Knote: [m[K    â€˜[01m[Kvirtual controller_interface::return_type controller_interface::ChainableControllerInterface::update_reference_from_subscribers()[m[Kâ€™
[3.321s]   100 |   virtual return_type [01;36m[Kupdate_reference_from_subscribers[m[K() = 0;
[3.321s]       |                       [01;36m[K^~~~~~~~~~~~~~~~~~~~~~~~~~~~~~~~~[m[K
[3.510s] gmake[2]: *** [CMakeFiles/force_torque_sensor_broadcaster.dir/build.make:76: CMakeFiles/force_torque_sensor_broadcaster.dir/src/force_torque_sensor_broadcaster.cpp.o] Error 1
[3.511s] gmake[1]: *** [CMakeFiles/Makefile2:206: CMakeFiles/force_torque_sensor_broadcaster.dir/all] Error 2
[3.511s] gmake: *** [Makefile:146: all] Error 2
