[35m[1mConsolidate compiler generated dependencies of target gmock_main[0m
[35m[1mConsolidate compiler generated dependencies of target gmock[0m
[ 15%] Built target gmock_main
[ 30%] Built target gps_sensor_broadcaster_parameters
[ 53%] Built target gmock
[ 61%] [32mBuilding CXX object CMakeFiles/gps_sensor_broadcaster.dir/src/gps_sensor_broadcaster.cpp.o[0m
In file included from [01m[K/home/student/ros2_ws/src/ros2_controllers/gps_sensor_broadcaster/src/gps_sensor_broadcaster.cpp:19[m[K:
[01m[K/home/student/ros2_ws/src/ros2_controllers/gps_sensor_broadcaster/include/gps_sensor_broadcaster/gps_sensor_broadcaster.hpp:31:10:[m[K [01;31m[Kfatal error: [m[Ksemantic_components/gps_sensor.hpp: No such file or directory
   31 | #include [01;31m[K"semantic_components/gps_sensor.hpp"[m[K
      |          [01;31m[K^~~~~~~~~~~~~~~~~~~~~~~~~~~~~~~~~~~~[m[K
compilation terminated.
gmake[2]: *** [CMakeFiles/gps_sensor_broadcaster.dir/build.make:76: CMakeFiles/gps_sensor_broadcaster.dir/src/gps_sensor_broadcaster.cpp.o] Error 1
gmake[1]: *** [CMakeFiles/Makefile2:206: CMakeFiles/gps_sensor_broadcaster.dir/all] Error 2
gmake: *** [Makefile:146: all] Error 2
