[  7%] [34m[1mRunning `/opt/ros/humble/bin/generate_parameter_library_cpp /home/student/ros2_ws/build/steering_controllers_library/include/steering_controllers_library/steering_controllers_library_parameters.hpp /home/student/ros2_ws/src/ros2_controllers/steering_controllers_library/src/steering_controllers_library.yaml `[0m
[ 14%] [32mBuilding CXX object gmock/CMakeFiles/gmock.dir/opt/ros/humble/src/gtest_vendor/src/gtest-all.cc.o[0m
[ 21%] [32mBuilding CXX object gmock/CMakeFiles/gmock_main.dir/src/gmock_main.cc.o[0m
[ 28%] [32mBuilding CXX object gmock/CMakeFiles/gmock.dir/src/gmock-all.cc.o[0m
[ 35%] [34m[1mCreating deprecated header file /home/student/ros2_ws/build/steering_controllers_library/include/steering_controllers_library_parameters.hpp[0m
[ 35%] Built target steering_controllers_library_parameters
[ 42%] [32mBuilding CXX object CMakeFiles/steering_controllers_library.dir/src/steering_odometry.cpp.o[0m
[ 50%] [32mBuilding CXX object CMakeFiles/steering_controllers_library.dir/src/steering_controllers_library.cpp.o[0m
In file included from [01m[K/home/student/ros2_ws/src/ros2_controllers/steering_controllers_library/src/steering_controllers_library.cpp:15[m[K:
[01m[K/home/student/ros2_ws/src/ros2_controllers/steering_controllers_library/include/steering_controllers_library/steering_controllers_library.hpp:27:10:[m[K [01;31m[Kfatal error: [m[Krealtime_tools/realtime_thread_safe_box.hpp: No such file or directory
   27 | #include [01;31m[K"realtime_tools/realtime_thread_safe_box.hpp"[m[K
      |          [01;31m[K^~~~~~~~~~~~~~~~~~~~~~~~~~~~~~~~~~~~~~~~~~~~~[m[K
compilation terminated.
gmake[2]: *** [CMakeFiles/steering_controllers_library.dir/build.make:76: CMakeFiles/steering_controllers_library.dir/src/steering_controllers_library.cpp.o] Error 1
gmake[2]: *** Waiting for unfinished jobs....
gmake[1]: *** [CMakeFiles/Makefile2:206: CMakeFiles/steering_controllers_library.dir/all] Error 2
gmake[1]: *** Waiting for unfinished jobs....
[ 57%] [32m[1mLinking CXX static library libgmock_main.a[0m
[ 57%] Built target gmock_main
[ 64%] [32m[1mLinking CXX static library libgmock.a[0m
[ 64%] Built target gmock
gmake: *** [Makefile:146: all] Error 2
