[  7%] [32mBuilding CXX object gmock/CMakeFiles/gmock_main.dir/src/gmock_main.cc.o[0m
[ 15%] [34m[1mRunning `/opt/ros/humble/bin/generate_parameter_library_cpp /home/student/ros2_ws/build/gpio_controllers/include/gpio_controllers/gpio_command_controller_parameters.hpp /home/student/ros2_ws/src/ros2_controllers/gpio_controllers/src/gpio_command_controller_parameters.yaml `[0m
[ 23%] [32mBuilding CXX object gmock/CMakeFiles/gmock.dir/opt/ros/humble/src/gtest_vendor/src/gtest-all.cc.o[0m
[ 30%] [32mBuilding CXX object gmock/CMakeFiles/gmock.dir/src/gmock-all.cc.o[0m
[ 38%] [34m[1mCreating deprecated header file /home/student/ros2_ws/build/gpio_controllers/include/gpio_command_controller_parameters.hpp[0m
[ 38%] Built target gpio_command_controller_parameters
[ 46%] [32mBuilding CXX object CMakeFiles/gpio_controllers.dir/src/gpio_command_controller.cpp.o[0m
In file included from [01m[K/home/student/ros2_ws/src/ros2_controllers/gpio_controllers/src/gpio_command_controller.cpp:15[m[K:
[01m[K/home/student/ros2_ws/src/ros2_controllers/gpio_controllers/include/gpio_controllers/gpio_command_controller.hpp:28:10:[m[K [01;31m[Kfatal error: [m[Krealtime_tools/realtime_thread_safe_box.hpp: No such file or directory
   28 | #include [01;31m[K"realtime_tools/realtime_thread_safe_box.hpp"[m[K
      |          [01;31m[K^~~~~~~~~~~~~~~~~~~~~~~~~~~~~~~~~~~~~~~~~~~~~[m[K
compilation terminated.
gmake[2]: *** [CMakeFiles/gpio_controllers.dir/build.make:76: CMakeFiles/gpio_controllers.dir/src/gpio_command_controller.cpp.o] Error 1
gmake[1]: *** [CMakeFiles/Makefile2:206: CMakeFiles/gpio_controllers.dir/all] Error 2
gmake[1]: *** Waiting for unfinished jobs....
[ 53%] [32m[1mLinking CXX static library libgmock_main.a[0m
[ 53%] Built target gmock_main
[ 61%] [32m[1mLinking CXX static library libgmock.a[0m
[ 61%] Built target gmock
gmake: *** [Makefile:146: all] Error 2
