[0.007s] Invoking command in '/home/student/ros2_ws/src/build/hardware_interface': AMENT_PREFIX_PATH=/home/student/ros2_ws/src/install/ros2_control_test_assets:${AMENT_PREFIX_PATH} CMAKE_PREFIX_PATH=/home/student/ros2_ws/src/install/ros2_control_test_assets:/opt/ros/humble /usr/bin/cmake /home/student/ros2_ws/src/ros2_control/hardware_interface -DCMAKE_INSTALL_PREFIX=/home/student/ros2_ws/src/install/hardware_interface
[0.079s] -- The C compiler identification is GNU 11.4.0
[0.169s] -- The CXX compiler identification is GNU 11.4.0
[0.181s] -- Detecting C compiler ABI info
[0.276s] -- Detecting C compiler ABI info - done
[0.290s] -- Check for working C compiler: /usr/bin/cc - skipped
[0.293s] -- Detecting C compile features
[0.293s] -- Detecting C compile features - done
[0.294s] -- Detecting CXX compiler ABI info
[0.407s] -- Detecting CXX compiler ABI info - done
[0.422s] -- Check for working CXX compiler: /usr/bin/c++ - skipped
[0.424s] -- Detecting CXX compile features
[0.425s] -- Detecting CXX compile features - done
[0.428s] -- Found ament_cmake: 1.3.11 (/opt/ros/humble/share/ament_cmake/cmake)
[0.639s] -- Found Python3: /usr/bin/python3 (found version "3.10.12") found components: Interpreter 
[0.771s] -- Found control_msgs: 4.8.0 (/opt/ros/humble/share/control_msgs/cmake)
[0.829s] -- Found rosidl_generator_c: 3.1.6 (/opt/ros/humble/share/rosidl_generator_c/cmake)
[0.833s] -- Found rosidl_adapter: 3.1.6 (/opt/ros/humble/share/rosidl_adapter/cmake)
[0.846s] -- Found rosidl_generator_cpp: 3.1.6 (/opt/ros/humble/share/rosidl_generator_cpp/cmake)
[0.872s] -- Using all available rosidl_typesupport_c: rosidl_typesupport_fastrtps_c;rosidl_typesupport_introspection_c
[0.915s] -- Using all available rosidl_typesupport_cpp: rosidl_typesupport_fastrtps_cpp;rosidl_typesupport_introspection_cpp
[1.163s] -- Found lifecycle_msgs: 1.2.1 (/opt/ros/humble/share/lifecycle_msgs/cmake)
[1.173s] -- Found pluginlib: 5.1.0 (/opt/ros/humble/share/pluginlib/cmake)
[1.195s] -- Found rclcpp_lifecycle: 16.0.12 (/opt/ros/humble/share/rclcpp_lifecycle/cmake)
[1.242s] -- Found rmw_implementation_cmake: 6.1.2 (/opt/ros/humble/share/rmw_implementation_cmake/cmake)
[1.244s] -- Found rmw_fastrtps_cpp: 6.2.7 (/opt/ros/humble/share/rmw_fastrtps_cpp/cmake)
[1.273s] -- Found TinyXML2 via Config file: TinyXML2_DIR-NOTFOUND
[1.324s] -- Found OpenSSL: /usr/lib/x86_64-linux-gnu/libcrypto.so (found version "3.0.2")  
[1.326s] -- Found TinyXML2 via Config file: TinyXML2_DIR-NOTFOUND
[1.339s] -- Found FastRTPS: /opt/ros/humble/include  
[1.343s] -- Found TinyXML2 via Config file: TinyXML2_DIR-NOTFOUND
[1.351s] -- Found TinyXML2 via Config file: TinyXML2_DIR-NOTFOUND
[1.360s] -- Using RMW implementation 'rmw_fastrtps_cpp' as default
[1.368s] -- Looking for pthread.h
[1.437s] -- Looking for pthread.h - found
[1.437s] -- Performing Test CMAKE_HAVE_LIBC_PTHREAD
[1.501s] -- Performing Test CMAKE_HAVE_LIBC_PTHREAD - Success
[1.503s] -- Found Threads: TRUE  
[1.561s] -- Found TinyXML2 via Config file: TinyXML2_DIR-NOTFOUND
[1.564s] -- Found ament_cmake_gmock: 1.3.11 (/opt/ros/humble/share/ament_cmake_gmock/cmake)
[1.565s] -- Found ros2_control_test_assets: 2.51.0 (/home/student/ros2_ws/src/install/ros2_control_test_assets/share/ros2_control_test_assets/cmake)
[1.568s] -- Found gmock sources under '/opt/ros/humble/src/gmock_vendor': C++ tests using 'Google Mock' will be built
[1.572s] -- Found ament_cmake_gtest: 1.3.11 (/opt/ros/humble/share/ament_cmake_gtest/cmake)
[1.573s] -- Found gtest sources under '/opt/ros/humble/src/gtest_vendor': C++ tests using 'Google Test' will be built
[1.641s] -- Configuring done
[1.692s] -- Generating done
[1.711s] -- Build files have been written to: /home/student/ros2_ws/src/build/hardware_interface
[1.727s] Invoked command in '/home/student/ros2_ws/src/build/hardware_interface' returned '0': AMENT_PREFIX_PATH=/home/student/ros2_ws/src/install/ros2_control_test_assets:${AMENT_PREFIX_PATH} CMAKE_PREFIX_PATH=/home/student/ros2_ws/src/install/ros2_control_test_assets:/opt/ros/humble /usr/bin/cmake /home/student/ros2_ws/src/ros2_control/hardware_interface -DCMAKE_INSTALL_PREFIX=/home/student/ros2_ws/src/install/hardware_interface
[1.729s] Invoking command in '/home/student/ros2_ws/src/build/hardware_interface': AMENT_PREFIX_PATH=/home/student/ros2_ws/src/install/ros2_control_test_assets:${AMENT_PREFIX_PATH} CMAKE_PREFIX_PATH=/home/student/ros2_ws/src/install/ros2_control_test_assets:/opt/ros/humble /usr/bin/cmake --build /home/student/ros2_ws/src/build/hardware_interface -- -j8 -l8
[1.774s] [  2%] [34m[1mGenerating hardware_interface/version.h[0m
[1.778s] [  5%] [32mBuilding CXX object gmock/CMakeFiles/gmock.dir/src/gmock-all.cc.o[0m
[1.778s] [ 11%] [32mBuilding CXX object gmock/CMakeFiles/gmock.dir/opt/ros/humble/src/gtest_vendor/src/gtest-all.cc.o[0m
[1.779s] [ 11%] [32mBuilding CXX object gmock/CMakeFiles/gmock_main.dir/src/gmock_main.cc.o[0m
[1.796s] [ 11%] Built target ament_generate_version_header__hardware_interface
[1.822s] [ 14%] [32mBuilding CXX object CMakeFiles/hardware_interface.dir/src/actuator.cpp.o[0m
[1.822s] [ 17%] [32mBuilding CXX object CMakeFiles/hardware_interface.dir/src/component_parser.cpp.o[0m
[1.826s] [ 20%] [32mBuilding CXX object CMakeFiles/hardware_interface.dir/src/resource_manager.cpp.o[0m
[1.834s] [ 22%] [32mBuilding CXX object CMakeFiles/hardware_interface.dir/src/sensor.cpp.o[0m
[1.850s] [ 25%] [32mBuilding CXX object CMakeFiles/hardware_interface.dir/src/system.cpp.o[0m
[3.426s] [ 28%] [32mBuilding CXX object CMakeFiles/hardware_interface.dir/src/lexical_casts.cpp.o[0m
[3.456s] gmake[2]: *** [CMakeFiles/hardware_interface.dir/build.make:104: CMakeFiles/hardware_interface.dir/src/resource_manager.cpp.o] Interrupt
[3.459s] gmake[2]: *** [CMakeFiles/hardware_interface.dir/build.make:118: CMakeFiles/hardware_interface.dir/src/sensor.cpp.o] Interrupt
[3.459s] gmake[2]: *** [CMakeFiles/hardware_interface.dir/build.make:146: CMakeFiles/hardware_interface.dir/src/lexical_casts.cpp.o] Interrupt
[3.469s] gmake[2]: *** [CMakeFiles/hardware_interface.dir/build.make:90: CMakeFiles/hardware_interface.dir/src/component_parser.cpp.o] Interrupt
[3.470s] gmake[1]: *** [CMakeFiles/Makefile2:194: CMakeFiles/hardware_interface.dir/all] Interrupt
[3.470s] gmake[2]: *** [gmock/CMakeFiles/gmock_main.dir/build.make:76: gmock/CMakeFiles/gmock_main.dir/src/gmock_main.cc.o] Interrupt
[3.470s] gmake[1]: *** [CMakeFiles/Makefile2:517: gmock/CMakeFiles/gmock_main.dir/all] Interrupt
[3.470s] gmake[2]: *** [gmock/CMakeFiles/gmock.dir/build.make:76: gmock/CMakeFiles/gmock.dir/opt/ros/humble/src/gtest_vendor/src/gtest-all.cc.o] Interrupt
[3.470s] gmake[2]: *** [gmock/CMakeFiles/gmock.dir/build.make:90: gmock/CMakeFiles/gmock.dir/src/gmock-all.cc.o] Interrupt
[3.470s] gmake[1]: *** [CMakeFiles/Makefile2:491: gmock/CMakeFiles/gmock.dir/all] Interrupt
[3.471s] gmake: *** [Makefile:146: all] Interrupt
[3.476s] Invoked command in '/home/student/ros2_ws/src/build/hardware_interface' returned '-2': AMENT_PREFIX_PATH=/home/student/ros2_ws/src/install/ros2_control_test_assets:${AMENT_PREFIX_PATH} CMAKE_PREFIX_PATH=/home/student/ros2_ws/src/install/ros2_control_test_assets:/opt/ros/humble /usr/bin/cmake --build /home/student/ros2_ws/src/build/hardware_interface -- -j8 -l8
