[0.050s] Invoking command in '/home/student/ros2_ws/build/force_torque_sensor_broadcaster': CMAKE_PREFIX_PATH=/home/student/ros2_ws/install/controller_manager:/home/student/ros2_ws/install/hardware_interface_testing:/home/student/ros2_ws/install/controller_interface:/home/student/ros2_ws/install/hardware_interface:/home/student/ros2_ws/install/ros2_control_test_assets:/home/student/ros2_ws/install/ros2_control_cmake:/home/student/ros2_ws/install/controller_manager_msgs:/home/student/ros2_ws/install/ur_description:/home/student/ros2_ws/install/transmission_interface:/home/student/ros2_ws/install/joint_limits:/home/student/ros2_ws/src/install/ur_description:/home/student/ros2_ws/src/install/transmission_interface:/home/student/ros2_ws/src/install/hardware_interface_testing:/home/student/ros2_ws/src/install/controller_manager:/home/student/ros2_ws/src/install/ros2_control_test_assets:/home/student/ros2_ws/src/install/ros2_control_cmake:/home/student/ros2_ws/src/install/joint_limits:/home/student/ros2_ws/src/install/irb4400_description:/home/student/ros2_ws/src/install/controller_interface:/home/student/ros2_ws/src/install/hardware_interface:/home/student/ros2_ws/src/install/controller_manager_msgs:/home/student/ros2_ws/install/rqt_joint_trajectory_controller:/home/student/ros2_ws/install/ros2_controllers_test_nodes:/home/student/ros2_ws/install/opcua_ros_client:/home/student/ros2_ws/install/my_py_pkg:/home/student/ros2_ws/install/my_bot_description:/home/student/ros2_ws/install/modbus_interface:/home/student/ros2_ws/src/install/rqt_joint_trajectory_controller:/home/student/ros2_ws/src/install/ros2_controllers_test_nodes:/home/student/ros2_ws/src/install/opcua_ros_client:/home/student/ros2_ws/src/install/my_py_pkg:/home/student/ros2_ws/src/install/my_bot_description:/home/student/ros2_ws/src/install/modbus_interface:/opt/ros/humble LD_LIBRARY_PATH=/home/student/ros2_ws/install/controller_manager/lib:/home/student/ros2_ws/install/hardware_interface_testing/lib:/home/student/ros2_ws/install/controller_interface/lib:/home/student/ros2_ws/install/hardware_interface/lib:/home/student/ros2_ws/install/controller_manager_msgs/lib:/home/student/ros2_ws/install/transmission_interface/lib:/home/student/ros2_ws/install/joint_limits/lib:/home/student/ros2_ws/src/install/transmission_interface/lib:/home/student/ros2_ws/src/install/hardware_interface_testing/lib:/home/student/ros2_ws/src/install/controller_manager/lib:/home/student/ros2_ws/src/install/joint_limits/lib:/home/student/ros2_ws/src/install/controller_interface/lib:/home/student/ros2_ws/src/install/hardware_interface/lib:/home/student/ros2_ws/src/install/controller_manager_msgs/lib:/usr/lib/x86_64-linux-gnu/gazebo-11/plugins:/opt/ros/humble/opt/rviz_ogre_vendor/lib:/opt/ros/humble/lib/x86_64-linux-gnu:/opt/ros/humble/lib /usr/bin/cmake --build /home/student/ros2_ws/build/force_torque_sensor_broadcaster -- -j8 -l8
[0.174s] [  7%] [34m[1mRunning `/opt/ros/humble/bin/generate_parameter_library_cpp /home/student/ros2_ws/build/force_torque_sensor_broadcaster/include/force_torque_sensor_broadcaster/force_torque_sensor_broadcaster_parameters.hpp /home/student/ros2_ws/src/ros2_controllers/force_torque_sensor_broadcaster/src/force_torque_sensor_broadcaster_parameters.yaml `[0m
[0.174s] [ 15%] [32mBuilding CXX object gmock/CMakeFiles/gmock_main.dir/src/gmock_main.cc.o[0m
[0.195s] [ 23%] [32mBuilding CXX object gmock/CMakeFiles/gmock.dir/src/gmock-all.cc.o[0m
[0.213s] [ 30%] [32mBuilding CXX object gmock/CMakeFiles/gmock.dir/opt/ros/humble/src/gtest_vendor/src/gtest-all.cc.o[0m
[3.743s] [ 38%] [34m[1mCreating deprecated header file /home/student/ros2_ws/build/force_torque_sensor_broadcaster/include/force_torque_sensor_broadcaster_parameters.hpp[0m
[3.840s] [ 38%] Built target force_torque_sensor_broadcaster_parameters
[3.935s] [ 46%] [32mBuilding CXX object CMakeFiles/force_torque_sensor_broadcaster.dir/src/force_torque_sensor_broadcaster.cpp.o[0m
[6.425s] [ 53%] [32m[1mLinking CXX static library libgmock_main.a[0m
[6.542s] [ 53%] Built target gmock_main
[10.768s] In file included from [01m[K/home/student/ros2_ws/src/ros2_controllers/force_torque_sensor_broadcaster/src/force_torque_sensor_broadcaster.cpp:19[m[K:
[10.768s] [01m[K/home/student/ros2_ws/src/ros2_controllers/force_torque_sensor_broadcaster/include/force_torque_sensor_broadcaster/force_torque_sensor_broadcaster.hpp:57:37:[m[K [01;31m[Kerror: [m[Kâ€˜[01m[Kcontroller_interface::return_type force_torque_sensor_broadcaster::ForceTorqueSensorBroadcaster::update_reference_from_subscribers(const rclcpp::Time&, const rclcpp::Duration&)[m[Kâ€™ marked â€˜[01m[Koverride[m[Kâ€™, but does not override
[10.768s]    57 |   controller_interface::return_type [01;31m[Kupdate_reference_from_subscribers[m[K(
[10.768s]       |                                     [01;31m[K^~~~~~~~~~~~~~~~~~~~~~~~~~~~~~~~~[m[K
[10.769s] [01m[K/home/student/ros2_ws/src/ros2_controllers/force_torque_sensor_broadcaster/include/force_torque_sensor_broadcaster/force_torque_sensor_broadcaster.hpp:60:51:[m[K [01;31m[Kerror: [m[Kâ€˜[01m[Kstd::vector<hardware_interface::StateInterface> force_torque_sensor_broadcaster::ForceTorqueSensorBroadcaster::on_export_state_interfaces()[m[Kâ€™ marked â€˜[01m[Koverride[m[Kâ€™, but does not override
[10.769s]    60 |   std::vector<hardware_interface::StateInterface> [01;31m[Kon_export_state_interfaces[m[K() override;
[10.769s]       |                                                   [01;31m[K^~~~~~~~~~~~~~~~~~~~~~~~~~[m[K
[10.823s] [ 61%] [32m[1mLinking CXX static library libgmock.a[0m
[10.888s] [ 61%] Built target gmock
[11.424s] In file included from [01m[K/opt/ros/humble/include/class_loader/class_loader/class_loader_core.hpp:57[m[K,
[11.424s]                  from [01m[K/opt/ros/humble/include/class_loader/class_loader/class_loader.hpp:55[m[K,
[11.424s]                  from [01m[K/opt/ros/humble/include/pluginlib/pluginlib/class_list_macros.hpp:40[m[K,
[11.424s]                  from [01m[K/home/student/ros2_ws/src/ros2_controllers/force_torque_sensor_broadcaster/src/force_torque_sensor_broadcaster.cpp:262[m[K:
[11.424s] /opt/ros/humble/include/class_loader/class_loader/meta_object.hpp: In instantiation of â€˜[01m[KB* class_loader::impl::MetaObject<C, B>::create() const [with C = force_torque_sensor_broadcaster::ForceTorqueSensorBroadcaster; B = controller_interface::ChainableControllerInterface][m[Kâ€™:
[11.424s] [01m[K/opt/ros/humble/include/class_loader/class_loader/meta_object.hpp:216:7:[m[K   required from here
[11.424s] [01m[K/opt/ros/humble/include/class_loader/class_loader/meta_object.hpp:218:12:[m[K [01;31m[Kerror: [m[Kinvalid new-expression of abstract class type â€˜[01m[Kforce_torque_sensor_broadcaster::ForceTorqueSensorBroadcaster[m[Kâ€™
[11.424s]   218 |     return [01;31m[Knew C[m[K;
[11.424s]       |            [01;31m[K^~~~~[m[K
[11.424s] In file included from [01m[K/home/student/ros2_ws/src/ros2_controllers/force_torque_sensor_broadcaster/src/force_torque_sensor_broadcaster.cpp:19[m[K:
[11.424s] [01m[K/home/student/ros2_ws/src/ros2_controllers/force_torque_sensor_broadcaster/include/force_torque_sensor_broadcaster/force_torque_sensor_broadcaster.hpp:35:7:[m[K [01;36m[Knote: [m[K  because the following virtual functions are pure within â€˜[01m[Kforce_torque_sensor_broadcaster::ForceTorqueSensorBroadcaster[m[Kâ€™:
[11.424s]    35 | class [01;36m[KForceTorqueSensorBroadcaster[m[K : public controller_interface::ChainableControllerInterface
[11.424s]       |       [01;36m[K^~~~~~~~~~~~~~~~~~~~~~~~~~~~[m[K
[11.424s] In file included from [01m[K/home/student/ros2_ws/src/ros2_controllers/force_torque_sensor_broadcaster/include/force_torque_sensor_broadcaster/force_torque_sensor_broadcaster.hpp:25[m[K,
[11.424s]                  from [01m[K/home/student/ros2_ws/src/ros2_controllers/force_torque_sensor_broadcaster/src/force_torque_sensor_broadcaster.cpp:19[m[K:
[11.425s] [01m[K/opt/ros/humble/include/controller_interface/chainable_controller_interface.hpp:77:61:[m[K [01;36m[Knote: [m[K    â€˜[01m[Kvirtual std::vector<hardware_interface::CommandInterface> controller_interface::ChainableControllerInterface::on_export_reference_interfaces()[m[Kâ€™
[11.425s]    77 |   virtual std::vector<hardware_interface::CommandInterface> [01;36m[Kon_export_reference_interfaces[m[K() = 0;
[11.425s]       |                                                             [01;36m[K^~~~~~~~~~~~~~~~~~~~~~~~~~~~~~[m[K
[11.425s] [01m[K/opt/ros/humble/include/controller_interface/chainable_controller_interface.hpp:100:23:[m[K [01;36m[Knote: [m[K    â€˜[01m[Kvirtual controller_interface::return_type controller_interface::ChainableControllerInterface::update_reference_from_subscribers()[m[Kâ€™
[11.425s]   100 |   virtual return_type [01;36m[Kupdate_reference_from_subscribers[m[K() = 0;
[11.425s]       |                       [01;36m[K^~~~~~~~~~~~~~~~~~~~~~~~~~~~~~~~~[m[K
[11.621s] gmake[2]: *** [CMakeFiles/force_torque_sensor_broadcaster.dir/build.make:76: CMakeFiles/force_torque_sensor_broadcaster.dir/src/force_torque_sensor_broadcaster.cpp.o] Error 1
[11.621s] gmake[1]: *** [CMakeFiles/Makefile2:206: CMakeFiles/force_torque_sensor_broadcaster.dir/all] Error 2
[11.621s] gmake: *** [Makefile:146: all] Error 2
