[  7%] [32mBuilding CXX object gmock/CMakeFiles/gmock.dir/opt/ros/humble/src/gtest_vendor/src/gtest-all.cc.o[0m
[ 15%] [34m[1mRunning `/opt/ros/humble/bin/generate_parameter_library_cpp /home/student/ros2_ws/build/gps_sensor_broadcaster/include/gps_sensor_broadcaster/gps_sensor_broadcaster_parameters.hpp /home/student/ros2_ws/src/ros2_controllers/gps_sensor_broadcaster/src/gps_sensor_broadcaster_parameters.yaml `[0m
[ 23%] [32mBuilding CXX object gmock/CMakeFiles/gmock.dir/src/gmock-all.cc.o[0m
[ 30%] [32mBuilding CXX object gmock/CMakeFiles/gmock_main.dir/src/gmock_main.cc.o[0m
[ 38%] [34m[1mCreating deprecated header file /home/student/ros2_ws/build/gps_sensor_broadcaster/include/gps_sensor_broadcaster_parameters.hpp[0m
[ 38%] Built target gps_sensor_broadcaster_parameters
[ 46%] [32mBuilding CXX object CMakeFiles/gps_sensor_broadcaster.dir/src/gps_sensor_broadcaster.cpp.o[0m
In file included from [01m[K/home/student/ros2_ws/src/ros2_controllers/gps_sensor_broadcaster/src/gps_sensor_broadcaster.cpp:19[m[K:
[01m[K/home/student/ros2_ws/src/ros2_controllers/gps_sensor_broadcaster/include/gps_sensor_broadcaster/gps_sensor_broadcaster.hpp:31:10:[m[K [01;31m[Kfatal error: [m[Ksemantic_components/gps_sensor.hpp: No such file or directory
   31 | #include [01;31m[K"semantic_components/gps_sensor.hpp"[m[K
      |          [01;31m[K^~~~~~~~~~~~~~~~~~~~~~~~~~~~~~~~~~~~[m[K
compilation terminated.
gmake[2]: *** [CMakeFiles/gps_sensor_broadcaster.dir/build.make:76: CMakeFiles/gps_sensor_broadcaster.dir/src/gps_sensor_broadcaster.cpp.o] Error 1
gmake[1]: *** [CMakeFiles/Makefile2:206: CMakeFiles/gps_sensor_broadcaster.dir/all] Error 2
gmake[1]: *** Waiting for unfinished jobs....
[ 53%] [32m[1mLinking CXX static library libgmock_main.a[0m
[ 53%] Built target gmock_main
[ 61%] [32m[1mLinking CXX static library libgmock.a[0m
[ 61%] Built target gmock
gmake: *** [Makefile:146: all] Error 2
