[0.047s] Invoking command in '/home/student/ros2_ws/build/gps_sensor_broadcaster': CMAKE_PREFIX_PATH=/home/student/ros2_ws/install/controller_manager:/home/student/ros2_ws/install/hardware_interface_testing:/home/student/ros2_ws/install/controller_interface:/home/student/ros2_ws/install/hardware_interface:/home/student/ros2_ws/install/ros2_control_test_assets:/home/student/ros2_ws/install/ros2_control_cmake:/home/student/ros2_ws/install/controller_manager_msgs:/home/student/ros2_ws/install/ur_description:/home/student/ros2_ws/install/transmission_interface:/home/student/ros2_ws/install/joint_limits:/home/student/ros2_ws/src/install/ur_description:/home/student/ros2_ws/src/install/transmission_interface:/home/student/ros2_ws/src/install/hardware_interface_testing:/home/student/ros2_ws/src/install/controller_manager:/home/student/ros2_ws/src/install/ros2_control_test_assets:/home/student/ros2_ws/src/install/ros2_control_cmake:/home/student/ros2_ws/src/install/joint_limits:/home/student/ros2_ws/src/install/irb4400_description:/home/student/ros2_ws/src/install/controller_interface:/home/student/ros2_ws/src/install/hardware_interface:/home/student/ros2_ws/src/install/controller_manager_msgs:/home/student/ros2_ws/install/rqt_joint_trajectory_controller:/home/student/ros2_ws/install/ros2_controllers_test_nodes:/home/student/ros2_ws/install/opcua_ros_client:/home/student/ros2_ws/install/my_py_pkg:/home/student/ros2_ws/install/my_bot_description:/home/student/ros2_ws/install/modbus_interface:/home/student/ros2_ws/src/install/rqt_joint_trajectory_controller:/home/student/ros2_ws/src/install/ros2_controllers_test_nodes:/home/student/ros2_ws/src/install/opcua_ros_client:/home/student/ros2_ws/src/install/my_py_pkg:/home/student/ros2_ws/src/install/my_bot_description:/home/student/ros2_ws/src/install/modbus_interface:/opt/ros/humble LD_LIBRARY_PATH=/home/student/ros2_ws/install/controller_manager/lib:/home/student/ros2_ws/install/hardware_interface_testing/lib:/home/student/ros2_ws/install/controller_interface/lib:/home/student/ros2_ws/install/hardware_interface/lib:/home/student/ros2_ws/install/controller_manager_msgs/lib:/home/student/ros2_ws/install/transmission_interface/lib:/home/student/ros2_ws/install/joint_limits/lib:/home/student/ros2_ws/src/install/transmission_interface/lib:/home/student/ros2_ws/src/install/hardware_interface_testing/lib:/home/student/ros2_ws/src/install/controller_manager/lib:/home/student/ros2_ws/src/install/joint_limits/lib:/home/student/ros2_ws/src/install/controller_interface/lib:/home/student/ros2_ws/src/install/hardware_interface/lib:/home/student/ros2_ws/src/install/controller_manager_msgs/lib:/usr/lib/x86_64-linux-gnu/gazebo-11/plugins:/opt/ros/humble/opt/rviz_ogre_vendor/lib:/opt/ros/humble/lib/x86_64-linux-gnu:/opt/ros/humble/lib /usr/bin/cmake --build /home/student/ros2_ws/build/gps_sensor_broadcaster -- -j8 -l8
[3.703s] [  7%] [32mBuilding CXX object gmock/CMakeFiles/gmock.dir/opt/ros/humble/src/gtest_vendor/src/gtest-all.cc.o[0m
[3.703s] [ 15%] [34m[1mRunning `/opt/ros/humble/bin/generate_parameter_library_cpp /home/student/ros2_ws/build/gps_sensor_broadcaster/include/gps_sensor_broadcaster/gps_sensor_broadcaster_parameters.hpp /home/student/ros2_ws/src/ros2_controllers/gps_sensor_broadcaster/src/gps_sensor_broadcaster_parameters.yaml `[0m
[3.703s] [ 23%] [32mBuilding CXX object gmock/CMakeFiles/gmock.dir/src/gmock-all.cc.o[0m
[3.703s] [ 30%] [32mBuilding CXX object gmock/CMakeFiles/gmock_main.dir/src/gmock_main.cc.o[0m
[3.704s] [ 38%] [34m[1mCreating deprecated header file /home/student/ros2_ws/build/gps_sensor_broadcaster/include/gps_sensor_broadcaster_parameters.hpp[0m
[3.704s] [ 38%] Built target gps_sensor_broadcaster_parameters
[3.704s] [ 46%] [32mBuilding CXX object CMakeFiles/gps_sensor_broadcaster.dir/src/gps_sensor_broadcaster.cpp.o[0m
[3.724s] In file included from [01m[K/home/student/ros2_ws/src/ros2_controllers/gps_sensor_broadcaster/src/gps_sensor_broadcaster.cpp:19[m[K:
[3.724s] [01m[K/home/student/ros2_ws/src/ros2_controllers/gps_sensor_broadcaster/include/gps_sensor_broadcaster/gps_sensor_broadcaster.hpp:31:10:[m[K [01;31m[Kfatal error: [m[Ksemantic_components/gps_sensor.hpp: No such file or directory
[3.724s]    31 | #include [01;31m[K"semantic_components/gps_sensor.hpp"[m[K
[3.724s]       |          [01;31m[K^~~~~~~~~~~~~~~~~~~~~~~~~~~~~~~~~~~~[m[K
[3.724s] compilation terminated.
[3.725s] gmake[2]: *** [CMakeFiles/gps_sensor_broadcaster.dir/build.make:76: CMakeFiles/gps_sensor_broadcaster.dir/src/gps_sensor_broadcaster.cpp.o] Error 1
[3.725s] gmake[1]: *** [CMakeFiles/Makefile2:206: CMakeFiles/gps_sensor_broadcaster.dir/all] Error 2
[3.725s] gmake[1]: *** Waiting for unfinished jobs....
[6.879s] [ 53%] [32m[1mLinking CXX static library libgmock_main.a[0m
[7.034s] [ 53%] Built target gmock_main
[10.637s] [ 61%] [32m[1mLinking CXX static library libgmock.a[0m
[10.720s] [ 61%] Built target gmock
[10.721s] gmake: *** [Makefile:146: all] Error 2
